timestamp,loop_duration_s,tasks_completed,errors,inbox_processed
2026-03-16T21:30,300,5,0,1
2026-03-16T21:50,240,7,0,0
2026-03-16T22:10,360,4,0,0
2026-03-16T22:20,300,5,0,5
2026-03-16T22:40,240,3,0,2
2026-03-16T22:50,180,2,0,1
2026-03-16T23:00,300,4,0,3
2026-03-16T23:15,240,3,0,3
2026-03-16T23:25,120,1,0,0
2026-03-16T23:35,180,2,0,1
2026-03-16T23:45,240,2,0,2
2026-03-16T23:55,180,2,0,1
2026-03-17T00:05,120,0,0,0
2026-03-17T00:15,300,3,0,2
2026-03-17T00:25,180,2,0,1
2026-03-17T00:35,120,1,0,1
2026-03-17T00:45,120,1,0,1
2026-03-17T00:55,180,1,0,1
2026-03-17T01:05,120,1,0,1
2026-03-17T01:15,120,1,0,0
2026-03-17T01:25,180,2,0,1
2026-03-17T01:35,240,2,0,1
2026-03-17T01:45,60,0,0,0
2026-03-17T01:55,360,4,0,1
2026-03-17T02:05,180,2,0,2
2026-03-17T02:15,60,0,0,0
2026-03-17T02:25,240,3,0,1
2026-03-17T02:35,60,0,0,0
2026-03-17T02:45,60,1,0,1
2026-03-17T02:55,60,0,0,0
2026-03-17T03:05,60,0,0,0
2026-03-17T03:15,120,1,0,1
2026-03-17T03:25,180,1,0,1
2026-03-17T03:35,180,2,0,1
2026-03-17T03:45,60,0,0,0
2026-03-17T03:55,180,1,0,1
2026-03-17T04:05,30,0,0,0
2026-03-17T04:15,15,0,0,0
2026-03-17T04:25,10,0,0,0
2026-03-17T04:35,180,1,0,1
2026-03-17T04:45,30,0,0,0
2026-03-17T04:55,15,0,0,0
2026-03-17T05:05,10,0,0,0
2026-03-17T05:15,10,0,0,0
2026-03-17T05:25,360,5,0,2
2026-03-17T05:35,300,3,0,1
2026-03-17T05:45,180,2,0,1
2026-03-17T05:55,30,0,0,0
2026-03-17T06:05,300,4,0,1
2026-03-17T06:15,60,1,0,1
2026-03-17T06:25,15,0,0,0
2026-03-17T06:35,300,3,0,1
2026-03-17T06:45,30,0,0,0
2026-03-17T06:55,15,0,0,0
2026-03-17T07:05,300,2,0,1
2026-03-17T07:05,180,1,0,1
2026-03-17T07:25,10,0,0,0
2026-03-17T07:45,240,2,0,1
2026-03-17T08:05,300,3,0,2
2026-03-17T08:20,480,4,0,2
2026-03-17T08:40,15,0,0,0
2026-03-17T09:00,360,4,0,3
2026-03-17T09:20,240,2,0,1
2026-03-17T09:40,60,1,0,1
2026-03-17T10:00,120,1,0,1
2026-03-17T10:20,360,3,0,2
2026-03-17T10:40,240,2,0,1
2026-03-17T11:00,15,0,0,0
2026-03-17T11:20,360,4,0,3
2026-03-17T11:40,360,4,0,3
2026-03-17T12:00,240,3,0,2
2026-03-17T12:20,600,6,0,4
2026-03-17T12:40,120,1,0,0
2026-03-17T12:50,180,2,0,1
2026-03-17T12:55,120,1,0,1
2026-03-17T13:00,15,0,0,0
2026-03-17T13:05,10,0,0,0
2026-03-17T13:10,180,2,0,1
2026-03-17T13:15,120,1,0,2
2026-03-17T13:20,120,1,0,1
2026-03-17T13:25,180,2,0,1
2026-03-17T13:30,120,1,0,1
2026-03-17T13:35,180,2,0,1
2026-03-17T13:40,10,0,0,0
2026-03-17T13:50,120,1,0,1
2026-03-17T13:55,10,0,0,0
2026-03-17T14:00,10,0,0,0
2026-03-17T14:05,5,0,0,0
2026-03-17T14:10,5,0,0,0
2026-03-17T14:15,5,0,0,0
2026-03-17T14:20,5,0,0,0
2026-03-17T14:55,5,0,0,0
2026-03-17T21:10,60,0,0,0
2026-03-17T21:15,10,0,0,0
2026-03-17T21:15,120,2,0,1
2026-03-17T21:20,60,1,0,1
2026-03-17T21:25,60,0,0,0
2026-03-17T21:30,10,0,0,0
2026-03-17T22:00,300,6,0,1
2026-03-17T22:10,60,0,0,0
2026-03-18T01:30,300,4,0,1
2026-03-18T01:40,180,5,0,1
2026-03-18T01:50,120,2,0,1
2026-03-18T02:10,240,4,0,1
2026-03-18T02:20,300,6,0,2
2026-03-18T02:30,60,0,0,0
2026-03-18T02:40,60,0,0,0
2026-03-18T02:50,30,0,0,0
2026-03-18T03:00,15,0,0,0
2026-03-18T03:10,120,1,0,0
2026-03-18T03:20,120,1,0,0
2026-03-18T03:30,30,0,0,0
2026-03-18T03:40,120,2,0,0
2026-03-18T03:50,30,0,0,0
2026-03-18T04:00,180,3,0,0
2026-03-18T04:10,180,2,0,1
2026-03-18T04:20,180,3,0,2
2026-03-18T04:30,180,3,0,1
2026-03-18T04:40,240,4,0,2
2026-03-18T04:50,120,2,0,1
2026-03-18T05:00,180,4,0,0
2026-03-18T05:10,120,3,0,0
2026-03-18T05:20,60,1,0,1
2026-03-18T05:30,180,3,0,0
2026-03-18T05:40,30,0,0,0
2026-03-18T05:50,180,3,0,2
2026-03-18T06:00,120,1,0,0
2026-03-18T06:10,120,2,0,0
2026-03-18T06:20,60,1,0,0
2026-03-18T06:30,180,3,0,2
2026-03-18T06:35,180,3,0,0
2026-03-18T06:45,60,0,0,0
2026-03-18T06:55,120,3,0,1
2026-03-18T07:05,30,0,0,0
2026-03-18T07:15,30,0,0,0
2026-03-18T07:25,60,1,0,0
2026-03-18T07:35,60,1,0,0
2026-03-18T07:45,30,0,0,0
2026-03-18T07:55,180,3,0,0
2026-03-18T08:05,120,2,0,0
2026-03-18T08:15,120,3,0,0
2026-03-18T08:25,120,3,0,0
2026-03-18T08:35,120,2,0,1
2026-03-18T08:45,180,4,0,1
2026-03-18T09:05,120,2,0,1
2026-03-18T09:25,60,1,0,0
2026-03-18T09:35,30,0,0,0
2026-03-18T09:45,60,0,0,0
2026-03-18T09:55,60,1,0,0
2026-03-18T10:05,60,3,0,0
2026-03-18T10:15,120,1,0,0
2026-03-18T10:25,60,1,0,0
